{
  "stats": {
    "suites": 0,
    "tests": 1,
    "passes": 0,
    "pending": 0,
    "failures": 1,
    "start": "2022-04-18T19:09:45.692Z",
    "end": "2022-04-18T19:09:46.281Z",
    "duration": 589,
    "testsRegistered": 1,
    "passPercent": 0,
    "pendingPercent": 0,
    "other": 0,
    "hasOther": false,
    "skipped": 0,
    "hasSkipped": false
  },
  "results": [
    {
      "uuid": "fa3ec5cf-5db2-46e9-b924-65bdb23eef00",
      "title": "",
      "fullFile": "cypress/integration/examples/BDD/ecommerce.feature",
      "file": "cypress/integration/examples/BDD/ecommerce.feature",
      "beforeHooks": [],
      "afterHooks": [],
      "tests": [
        {
          "title": "An uncaught error was detected outside of a test",
          "fullTitle": "An uncaught error was detected outside of a test",
          "timedOut": null,
          "duration": 457,
          "state": "failed",
          "speed": null,
          "pass": false,
          "fail": true,
          "pending": false,
          "context": null,
          "code": "throw err;",
          "err": {
            "message": "Error: The following error originated from your test code, not from Cypress.\n\n  > Expected to find a global registry (this usually means you are trying to define steps or hooks in support/index.js, which is not supported) (this might be a bug, please report at https://github.com/badeball/cypress-cucumber-preprocessor)\n\nWhen Cypress detects uncaught errors originating from your test code it will automatically fail the current test.\n\nCypress could not associate this error to any specific test.\n\nWe dynamically generated a new test to display this failure.",
            "estack": "Error: The following error originated from your test code, not from Cypress.\n\n  > Expected to find a global registry (this usually means you are trying to define steps or hooks in support/index.js, which is not supported) (this might be a bug, please report at https://github.com/badeball/cypress-cucumber-preprocessor)\n\nWhen Cypress detects uncaught errors originating from your test code it will automatically fail the current test.\n\nCypress could not associate this error to any specific test.\n\nWe dynamically generated a new test to display this failure.\n    at fail (http://localhost:56347/__cypress/tests?p=cypress\\integration\\examples\\BDD\\ecommerce.feature:237:11)\n    at assert (http://localhost:56347/__cypress/tests?p=cypress\\integration\\examples\\BDD\\ecommerce.feature:244:5)\n    at assertAndReturn (http://localhost:56347/__cypress/tests?p=cypress\\integration\\examples\\BDD\\ecommerce.feature:248:5)\n    at getRegistry (http://localhost:56347/__cypress/tests?p=cypress\\integration\\examples\\BDD\\ecommerce.feature:699:45)\n    at defineStep (http://localhost:56347/__cypress/tests?p=cypress\\integration\\examples\\BDD\\ecommerce.feature:490:32)\n    at Object.3.../../PageObject/ProductsPage (http://localhost:56347/__cypress/tests?p=cypress\\integration\\examples\\BDD\\ecommerce.feature:58:40)\n    at o (http://localhost:56347/__cypress/tests?p=cypress\\integration\\examples\\BDD\\ecommerce.feature:1:265)\n    at eval (http://localhost:56347/__cypress/tests?p=cypress\\integration\\examples\\BDD\\ecommerce.feature:1:316)\n    at Suite.eval (http://localhost:56347/__cypress/tests?p=cypress\\integration\\examples\\BDD\\ecommerce.feature:31:1)\n    at Object.1.C:/Users/Pc/CypressAutomation/cypress/integration/examples/BDD/ecommerce/beforeEach.js (http://localhost:56347/__cypress/tests?p=cypress\\integration\\examples\\BDD\\ecommerce.feature:29:3)",
            "diff": null
          },
          "uuid": "b23b3adf-89a1-488b-a217-d76029f6f990",
          "parentUUID": "fa3ec5cf-5db2-46e9-b924-65bdb23eef00",
          "isHook": false,
          "skipped": false
        }
      ],
      "suites": [],
      "passes": [],
      "failures": [
        "b23b3adf-89a1-488b-a217-d76029f6f990"
      ],
      "pending": [],
      "skipped": [],
      "duration": 457,
      "root": true,
      "rootEmpty": false,
      "_timeout": 2000
    }
  ],
  "meta": {
    "mocha": {
      "version": "7.0.1"
    },
    "mochawesome": {
      "options": {
        "quiet": false,
        "reportFilename": "mochawesome",
        "saveHtml": true,
        "saveJson": true,
        "consoleReporter": "spec",
        "useInlineDiffs": false,
        "code": true
      },
      "version": "7.1.3"
    },
    "marge": {
      "options": null,
      "version": "6.2.0"
    }
  }
}